20210603 09:14:02 INFO  [main] ims.IMS IMS.java33 - Welcome to the Inventory Management System!
20210603 09:14:02 INFO  [main] ims.IMS IMS.java38 - Which entity would you like to use?
20210603 09:14:02 INFO  [main] domain.Domain Domain.java27 - CUSTOMER: Information about customers
20210603 09:14:02 INFO  [main] domain.Domain Domain.java27 - ITEM: Individual Items
20210603 09:14:02 INFO  [main] domain.Domain Domain.java27 - ORDER: Purchases of items
20210603 09:14:02 INFO  [main] domain.Domain Domain.java27 - STOP: To close the application
20210603 09:14:11 INFO  [main] ims.IMS IMS.java68 - What would you like to do with customer:
20210603 09:14:11 INFO  [main] controller.Action Action.java38 - CREATE: To save a new entity into the database
20210603 09:14:11 INFO  [main] controller.Action Action.java38 - READ: To read an entity from the database
20210603 09:14:11 INFO  [main] controller.Action Action.java38 - UPDATE: To change an entity already in the database
20210603 09:14:11 INFO  [main] controller.Action Action.java38 - DELETE: To remove an entity from the database
20210603 09:14:11 INFO  [main] controller.Action Action.java38 - RETURN: To return to domain selection
20210603 09:14:15 INFO  [main] controller.CustomerController CustomerController.java36 - id:5 first name:juan surname:bonami
20210603 09:14:15 INFO  [main] ims.IMS IMS.java68 - What would you like to do with customer:
20210603 09:14:15 INFO  [main] controller.Action Action.java38 - CREATE: To save a new entity into the database
20210603 09:14:15 INFO  [main] controller.Action Action.java38 - READ: To read an entity from the database
20210603 09:14:15 INFO  [main] controller.Action Action.java38 - UPDATE: To change an entity already in the database
20210603 09:14:15 INFO  [main] controller.Action Action.java38 - DELETE: To remove an entity from the database
20210603 09:14:15 INFO  [main] controller.Action Action.java38 - RETURN: To return to domain selection
20210603 09:14:21 INFO  [main] ims.IMS IMS.java38 - Which entity would you like to use?
20210603 09:14:21 INFO  [main] domain.Domain Domain.java27 - CUSTOMER: Information about customers
20210603 09:14:21 INFO  [main] domain.Domain Domain.java27 - ITEM: Individual Items
20210603 09:14:21 INFO  [main] domain.Domain Domain.java27 - ORDER: Purchases of items
20210603 09:14:21 INFO  [main] domain.Domain Domain.java27 - STOP: To close the application
20210603 09:14:23 INFO  [main] ims.Runner Runner.java13 - SO LONG!
